<?xml version="1.0" encoding="UTF-8"?>
<testsuite xmlns:xsi="http://www.w3.org/2001/XMLSchema-instance" xsi:noNamespaceSchemaLocation="https://maven.apache.org/surefire/maven-surefire-plugin/xsd/surefire-test-report.xsd" name="com.zhong.core.utils.ReadFileUtilsTest" time="0" tests="3" errors="2" skipped="0" failures="0">
  <properties>
    <property name="sun.desktop" value="windows"/>
    <property name="awt.toolkit" value="sun.awt.windows.WToolkit"/>
    <property name="file.encoding.pkg" value="sun.io"/>
    <property name="java.specification.version" value="1.8"/>
    <property name="sun.cpu.isalist" value="amd64"/>
    <property name="sun.jnu.encoding" value="GBK"/>
    <property name="java.class.path" value="C:\Users\zhangzhongjun\Documents\QuanWenSouSuoWeb\target\test-classes;C:\Users\zhangzhongjun\Documents\QuanWenSouSuoWeb\target\classes;C:\Users\zhangzhongjun\.m2\repository\junit\junit\4.11\junit-4.11.jar;C:\Users\zhangzhongjun\.m2\repository\org\hamcrest\hamcrest-core\1.3\hamcrest-core-1.3.jar;C:\Users\zhangzhongjun\.m2\repository\javax\javaee-api\8.0\javaee-api-8.0.jar;C:\Users\zhangzhongjun\.m2\repository\com\sun\mail\javax.mail\1.6.0\javax.mail-1.6.0.jar;C:\Users\zhangzhongjun\.m2\repository\javax\activation\activation\1.1\activation-1.1.jar;C:\Users\zhangzhongjun\.m2\repository\javax\javaee-web-api\8.0\javaee-web-api-8.0.jar;C:\Users\zhangzhongjun\.m2\repository\javax\servlet\javax.servlet-api\4.0.0\javax.servlet-api-4.0.0.jar;C:\Users\zhangzhongjun\.m2\repository\javax\servlet\jsp\jstl\jstl-api\1.2\jstl-api-1.2.jar;C:\Users\zhangzhongjun\.m2\repository\org\glassfish\web\jstl-impl\1.2\jstl-impl-1.2.jar;C:\Users\zhangzhongjun\.m2\repository\c3p0\c3p0\0.9.1.2\c3p0-0.9.1.2.jar;C:\Users\zhangzhongjun\.m2\repository\mysql\mysql-connector-java\6.0.6\mysql-connector-java-6.0.6.jar;C:\Users\zhangzhongjun\.m2\repository\com\alibaba\fastjson\1.2.47\fastjson-1.2.47.jar;C:\Users\zhangzhongjun\.m2\repository\commons-fileupload\commons-fileupload\1.3.3\commons-fileupload-1.3.3.jar;C:\Users\zhangzhongjun\.m2\repository\commons-io\commons-io\2.2\commons-io-2.2.jar;C:\Users\zhangzhongjun\.m2\repository\com\jcraft\jsch\0.1.54\jsch-0.1.54.jar;C:\Users\zhangzhongjun\.m2\repository\com\google\guava\guava\19.0\guava-19.0.jar;C:\Users\zhangzhongjun\.m2\repository\org\apache\poi\poi-scratchpad\3.15-beta1\poi-scratchpad-3.15-beta1.jar;C:\Users\zhangzhongjun\.m2\repository\org\apache\poi\poi\3.15-beta1\poi-3.15-beta1.jar;C:\Users\zhangzhongjun\.m2\repository\commons-codec\commons-codec\1.10\commons-codec-1.10.jar;C:\Users\zhangzhongjun\.m2\repository\org\apache\poi\poi-ooxml\3.15-beta1\poi-ooxml-3.15-beta1.jar;C:\Users\zhangzhongjun\.m2\repository\org\apache\poi\poi-ooxml-schemas\3.15-beta1\poi-ooxml-schemas-3.15-beta1.jar;C:\Users\zhangzhongjun\.m2\repository\org\apache\xmlbeans\xmlbeans\2.6.0\xmlbeans-2.6.0.jar;C:\Users\zhangzhongjun\.m2\repository\stax\stax-api\1.0.1\stax-api-1.0.1.jar;C:\Users\zhangzhongjun\.m2\repository\com\github\virtuald\curvesapi\1.03\curvesapi-1.03.jar;C:\Users\zhangzhongjun\.m2\repository\org\apache\pdfbox\pdfbox\1.8.10\pdfbox-1.8.10.jar;C:\Users\zhangzhongjun\.m2\repository\org\apache\pdfbox\fontbox\1.8.10\fontbox-1.8.10.jar;C:\Users\zhangzhongjun\.m2\repository\org\apache\pdfbox\jempbox\1.8.10\jempbox-1.8.10.jar;C:\Users\zhangzhongjun\.m2\repository\commons-logging\commons-logging\1.1.1\commons-logging-1.1.1.jar;C:\Users\zhangzhongjun\.m2\repository\org\apache\lucene\lucene-analyzers-common\6.1.0\lucene-analyzers-common-6.1.0.jar;C:\Users\zhangzhongjun\.m2\repository\org\apache\lucene\lucene-core\6.1.0\lucene-core-6.1.0.jar;C:\Users\zhangzhongjun\.m2\repository\com\github\alexandrnikitin\bloom-filter_2.11\0.10.1\bloom-filter_2.11-0.10.1.jar;C:\Users\zhangzhongjun\.m2\repository\org\scala-lang\scala-library\2.11.8\scala-library-2.11.8.jar;"/>
    <property name="java.vm.vendor" value="Oracle Corporation"/>
    <property name="sun.arch.data.model" value="64"/>
    <property name="user.variant" value=""/>
    <property name="java.vendor.url" value="http://java.oracle.com/"/>
    <property name="user.timezone" value=""/>
    <property name="java.vm.specification.version" value="1.8"/>
    <property name="os.name" value="Windows 10"/>
    <property name="user.country" value="CN"/>
    <property name="sun.java.launcher" value="SUN_STANDARD"/>
    <property name="sun.boot.library.path" value="D:\Program Files\j8u111\jre\bin"/>
    <property name="sun.java.command" value="C:\Users\ZHANGZ~1\AppData\Local\Temp\surefire1955172692516128313\surefirebooter6934440740210037522.jar C:\Users\zhangzhongjun\AppData\Local\Temp\surefire1955172692516128313 2018-10-18T17-39-46_811-jvmRun1 surefire8758070170416677979tmp surefire_05116983291759967446tmp"/>
    <property name="surefire.test.class.path" value="C:\Users\zhangzhongjun\Documents\QuanWenSouSuoWeb\target\test-classes;C:\Users\zhangzhongjun\Documents\QuanWenSouSuoWeb\target\classes;C:\Users\zhangzhongjun\.m2\repository\junit\junit\4.11\junit-4.11.jar;C:\Users\zhangzhongjun\.m2\repository\org\hamcrest\hamcrest-core\1.3\hamcrest-core-1.3.jar;C:\Users\zhangzhongjun\.m2\repository\javax\javaee-api\8.0\javaee-api-8.0.jar;C:\Users\zhangzhongjun\.m2\repository\com\sun\mail\javax.mail\1.6.0\javax.mail-1.6.0.jar;C:\Users\zhangzhongjun\.m2\repository\javax\activation\activation\1.1\activation-1.1.jar;C:\Users\zhangzhongjun\.m2\repository\javax\javaee-web-api\8.0\javaee-web-api-8.0.jar;C:\Users\zhangzhongjun\.m2\repository\javax\servlet\javax.servlet-api\4.0.0\javax.servlet-api-4.0.0.jar;C:\Users\zhangzhongjun\.m2\repository\javax\servlet\jsp\jstl\jstl-api\1.2\jstl-api-1.2.jar;C:\Users\zhangzhongjun\.m2\repository\org\glassfish\web\jstl-impl\1.2\jstl-impl-1.2.jar;C:\Users\zhangzhongjun\.m2\repository\c3p0\c3p0\0.9.1.2\c3p0-0.9.1.2.jar;C:\Users\zhangzhongjun\.m2\repository\mysql\mysql-connector-java\6.0.6\mysql-connector-java-6.0.6.jar;C:\Users\zhangzhongjun\.m2\repository\com\alibaba\fastjson\1.2.47\fastjson-1.2.47.jar;C:\Users\zhangzhongjun\.m2\repository\commons-fileupload\commons-fileupload\1.3.3\commons-fileupload-1.3.3.jar;C:\Users\zhangzhongjun\.m2\repository\commons-io\commons-io\2.2\commons-io-2.2.jar;C:\Users\zhangzhongjun\.m2\repository\com\jcraft\jsch\0.1.54\jsch-0.1.54.jar;C:\Users\zhangzhongjun\.m2\repository\com\google\guava\guava\19.0\guava-19.0.jar;C:\Users\zhangzhongjun\.m2\repository\org\apache\poi\poi-scratchpad\3.15-beta1\poi-scratchpad-3.15-beta1.jar;C:\Users\zhangzhongjun\.m2\repository\org\apache\poi\poi\3.15-beta1\poi-3.15-beta1.jar;C:\Users\zhangzhongjun\.m2\repository\commons-codec\commons-codec\1.10\commons-codec-1.10.jar;C:\Users\zhangzhongjun\.m2\repository\org\apache\poi\poi-ooxml\3.15-beta1\poi-ooxml-3.15-beta1.jar;C:\Users\zhangzhongjun\.m2\repository\org\apache\poi\poi-ooxml-schemas\3.15-beta1\poi-ooxml-schemas-3.15-beta1.jar;C:\Users\zhangzhongjun\.m2\repository\org\apache\xmlbeans\xmlbeans\2.6.0\xmlbeans-2.6.0.jar;C:\Users\zhangzhongjun\.m2\repository\stax\stax-api\1.0.1\stax-api-1.0.1.jar;C:\Users\zhangzhongjun\.m2\repository\com\github\virtuald\curvesapi\1.03\curvesapi-1.03.jar;C:\Users\zhangzhongjun\.m2\repository\org\apache\pdfbox\pdfbox\1.8.10\pdfbox-1.8.10.jar;C:\Users\zhangzhongjun\.m2\repository\org\apache\pdfbox\fontbox\1.8.10\fontbox-1.8.10.jar;C:\Users\zhangzhongjun\.m2\repository\org\apache\pdfbox\jempbox\1.8.10\jempbox-1.8.10.jar;C:\Users\zhangzhongjun\.m2\repository\commons-logging\commons-logging\1.1.1\commons-logging-1.1.1.jar;C:\Users\zhangzhongjun\.m2\repository\org\apache\lucene\lucene-analyzers-common\6.1.0\lucene-analyzers-common-6.1.0.jar;C:\Users\zhangzhongjun\.m2\repository\org\apache\lucene\lucene-core\6.1.0\lucene-core-6.1.0.jar;C:\Users\zhangzhongjun\.m2\repository\com\github\alexandrnikitin\bloom-filter_2.11\0.10.1\bloom-filter_2.11-0.10.1.jar;C:\Users\zhangzhongjun\.m2\repository\org\scala-lang\scala-library\2.11.8\scala-library-2.11.8.jar;"/>
    <property name="sun.cpu.endian" value="little"/>
    <property name="user.home" value="C:\Users\zhangzhongjun"/>
    <property name="user.language" value="zh"/>
    <property name="java.specification.vendor" value="Oracle Corporation"/>
    <property name="java.home" value="D:\Program Files\j8u111\jre"/>
    <property name="basedir" value="C:\Users\zhangzhongjun\Documents\QuanWenSouSuoWeb"/>
    <property name="file.separator" value="\"/>
    <property name="line.separator" value="&#10;"/>
    <property name="java.vm.specification.vendor" value="Oracle Corporation"/>
    <property name="java.specification.name" value="Java Platform API Specification"/>
    <property name="java.awt.graphicsenv" value="sun.awt.Win32GraphicsEnvironment"/>
    <property name="surefire.real.class.path" value="C:\Users\ZHANGZ~1\AppData\Local\Temp\surefire1955172692516128313\surefirebooter6934440740210037522.jar"/>
    <property name="sun.boot.class.path" value="D:\Program Files\j8u111\jre\lib\resources.jar;D:\Program Files\j8u111\jre\lib\rt.jar;D:\Program Files\j8u111\jre\lib\sunrsasign.jar;D:\Program Files\j8u111\jre\lib\jsse.jar;D:\Program Files\j8u111\jre\lib\jce.jar;D:\Program Files\j8u111\jre\lib\charsets.jar;D:\Program Files\j8u111\jre\lib\jfr.jar;D:\Program Files\j8u111\jre\classes"/>
    <property name="user.script" value=""/>
    <property name="sun.management.compiler" value="HotSpot 64-Bit Tiered Compilers"/>
    <property name="java.runtime.version" value="1.8.0_111-b14"/>
    <property name="user.name" value="zhangzhongjun"/>
    <property name="path.separator" value=";"/>
    <property name="os.version" value="10.0"/>
    <property name="java.endorsed.dirs" value="D:\Program Files\j8u111\jre\lib\endorsed"/>
    <property name="java.runtime.name" value="Java(TM) SE Runtime Environment"/>
    <property name="file.encoding" value="GBK"/>
    <property name="java.vm.name" value="Java HotSpot(TM) 64-Bit Server VM"/>
    <property name="localRepository" value="C:\Users\zhangzhongjun\.m2\repository"/>
    <property name="java.vendor.url.bug" value="http://bugreport.sun.com/bugreport/"/>
    <property name="java.io.tmpdir" value="C:\Users\ZHANGZ~1\AppData\Local\Temp\"/>
    <property name="java.version" value="1.8.0_111"/>
    <property name="user.dir" value="C:\Users\zhangzhongjun\Documents\QuanWenSouSuoWeb"/>
    <property name="os.arch" value="amd64"/>
    <property name="java.vm.specification.name" value="Java Virtual Machine Specification"/>
    <property name="java.awt.printerjob" value="sun.awt.windows.WPrinterJob"/>
    <property name="sun.os.patch.level" value=""/>
    <property name="java.library.path" value="D:\Program Files\j8u111\jre\bin;C:\Windows\Sun\Java\bin;C:\Windows\system32;C:\Windows;D:\Program Files (x86)\Python37-32\Scripts\;D:\Program Files (x86)\Python37-32\;C:\Windows\system32;C:\Windows;C:\Windows\System32\Wbem;C:\Windows\System32\WindowsPowerShell\v1.0\;C:\Program Files\Lenovo\Bluetooth Software\;C:\Program Files\Lenovo\Bluetooth Software\syswow64;D:\Program Files\PuTTY\;D:\Program Files (x86)\WinSCP\;D:\Program Files\Git\cmd;C:\ProgramData\chocolatey\bin;C:\Users\zhangzhongjun\AppData\Local\Microsoft\WindowsApps;C:\Users\zhangzhongjun\AppData\Local\atom\bin;D:\Program Files\j8u111\bin;D:\Program Files\apache-maven-3.5.0\bin;D:\Program Files\adb;C:\Program Files\MySQL\MySQL Server 8.0\bin;D:\Program Files (x86)\Kubernetes\Minikube-0.27\Minikube;D:\Program Files\Oracle\VirtualBox;D:\Program Files (x86)\Kubernetes\Minikube-0.25\Minikube;D:\Program Files (x86)\nginx-1.14.0;."/>
    <property name="java.vm.info" value="mixed mode"/>
    <property name="java.vendor" value="Oracle Corporation"/>
    <property name="java.vm.version" value="25.111-b14"/>
    <property name="java.ext.dirs" value="D:\Program Files\j8u111\jre\lib\ext;C:\Windows\Sun\Java\lib\ext"/>
    <property name="sun.io.unicode.encoding" value="UnicodeLittle"/>
    <property name="java.class.version" value="52.0"/>
  </properties>
  <testcase name="extractOneDocTest" classname="com.zhong.core.utils.ReadFileUtilsTest" time="0"/>
  <testcase name="extractOnlyOneFileDocTest" classname="com.zhong.core.utils.ReadFileUtilsTest" time="0">
    <error message="C:\Users\zhangzhongjun\Documents\QuanWenSouSuoWeb\uploads\入门.py (系统找不到指定的文件。)" type="java.io.FileNotFoundException">java.io.FileNotFoundException: C:\Users\zhangzhongjun\Documents\QuanWenSouSuoWeb\uploads\入门.py (系统找不到指定的文件。)
	at com.zhong.core.utils.ReadFileUtilsTest.extractOnlyOneFileDocTest(ReadFileUtilsTest.java:48)
</error>
    <system-out><![CDATA[Number of files read equals 99 %
]]></system-out>
  </testcase>
  <testcase name="extractTextParTest" classname="com.zhong.core.utils.ReadFileUtilsTest" time="0">
    <error type="java.lang.IllegalArgumentException">java.lang.IllegalArgumentException
	at com.zhong.core.utils.ReadFileUtilsTest.extractTextParTest(ReadFileUtilsTest.java:35)
</error>
  </testcase>
</testsuite>